<?xml version="1.0" encoding="UTF-8"?>
<!-- Generated by org.testng.reporters.JUnitXMLReporter -->
<testsuite ignored="0" hostname="DESKTOP-4RM8KQM" failures="1" tests="1" name="Default test" time="30.981" errors="0" timestamp="2025-04-09T17:26:12 IST">
  <testcase classname="io.cucumber.testng.AbstractTestNGCucumberTests" name="runScenario" time="30.134">
    <failure type="java.lang.AssertionError" message="The following asserts failed:
	Expected Revenue mismatch expected [90980] but found [$90,980.00],
	Budgeted Cost mismatch expected [30000] but found [$30,000.00],
	Actual Cost mismatch expected [85990] but found [$85,990.00],
	Expected Response mismatch expected [0] but found []">
      <![CDATA[java.lang.AssertionError: The following asserts failed:
Expected Revenue mismatch expected [90980] but found [$90,980.00],
Budgeted Cost mismatch expected [30000] but found [$30,000.00],
Actual Cost mismatch expected [85990] but found [$85,990.00],
Expected Response mismatch expected [0] but found []
at org.testng.asserts.SoftAssert.assertAll(SoftAssert.java:46)
at org.testng.asserts.SoftAssert.assertAll(SoftAssert.java:30)
at stepdefinitions.CampaignsModule.campaign_details_page_with_title_should_be_displayed_with_the_following_data(CampaignsModule.java:183)
at ✽.Campaign details page with title "Zoho CRM - Campaign Details" should be displayed with the following data:"LG Dual Invertor AC""Conference""Complete""03/29/2025""04/29/2025""90980""30000""85990""0""2"(file:///C:/Users/admin/git/Cucumber/Aditya_c/FeatureFiles/CampaignsModule.feature:24)
]]>
    </failure>
  </testcase> <!-- runScenario -->
</testsuite> <!-- Default test -->
