<?xml version="1.0" encoding="UTF-8"?>
<!-- Generated by org.testng.reporters.JUnitXMLReporter -->
<testsuite ignored="0" hostname="DESKTOP-4RM8KQM" failures="1" tests="1" name="Default test" time="5.851" errors="0" timestamp="2025-04-06T18:00:00 IST">
  <testcase classname="io.cucumber.testng.AbstractTestNGCucumberTests" name="runScenario" time="4.68">
    <failure type="io.cucumber.java.PendingException" message="TODO: implement me">
      <![CDATA[io.cucumber.java.PendingException: TODO: implement me
at stepdefinitions.Login.login_page_title_should_be_displayed(Login.java:22)
at ✽.Login page title "Zoho CRM - Sign in" should be displayed(file:///E:/Java/eclipse/Aditya_c/Featurefiles/Login.feature:4)
]]>
    </failure>
  </testcase> <!-- runScenario -->
</testsuite> <!-- Default test -->
