<?xml version="1.0" encoding="UTF-8"?>
<!-- Generated by org.testng.reporters.JUnitReportReporter -->
<testsuite hostname="DESKTOP-4RM8KQM" failures="0" tests="1" name="runner.RunnerClass" time="4.680" errors="1" timestamp="2025-04-06T18:00:01 IST" skipped="0">
  <testcase classname="runner.RunnerClass" name="runScenario" time="4.680">
    <error message="TODO: implement me" type="io.cucumber.java.PendingException">
      <![CDATA[io.cucumber.java.PendingException: TODO: implement me
at stepdefinitions.Login.login_page_title_should_be_displayed(Login.java:22)
at ✽.Login page title "Zoho CRM - Sign in" should be displayed(file:///E:/Java/eclipse/Aditya_c/Featurefiles/Login.feature:4)
]]>
    </error>
  </testcase> <!-- runScenario -->
  <system-out/>
</testsuite> <!-- runner.RunnerClass -->
