<?xml version="1.0" encoding="UTF-8"?>
<!-- Generated by org.testng.reporters.JUnitReportReporter -->
<testsuite hostname="DESKTOP-4RM8KQM" failures="1" tests="1" name="runner.RunnerClass" time="30.134" errors="0" timestamp="2025-04-09T17:26:13 IST" skipped="0">
  <testcase classname="runner.RunnerClass" name="runScenario" time="30.134">
    <failure message="The following asserts failed:
	Expected Revenue mismatch expected [90980] but found [$90,980.00],
	Budgeted Cost mismatch expected [30000] but found [$30,000.00],
	Actual Cost mismatch expected [85990] but found [$85,990.00],
	Expected Response mismatch expected [0] but found []" type="java.lang.AssertionError">
      <![CDATA[java.lang.AssertionError: The following asserts failed:
Expected Revenue mismatch expected [90980] but found [$90,980.00],
Budgeted Cost mismatch expected [30000] but found [$30,000.00],
Actual Cost mismatch expected [85990] but found [$85,990.00],
Expected Response mismatch expected [0] but found []
at org.testng.asserts.SoftAssert.assertAll(SoftAssert.java:46)
at org.testng.asserts.SoftAssert.assertAll(SoftAssert.java:30)
at stepdefinitions.CampaignsModule.campaign_details_page_with_title_should_be_displayed_with_the_following_data(CampaignsModule.java:183)
at ✽.Campaign details page with title "Zoho CRM - Campaign Details" should be displayed with the following data:"LG Dual Invertor AC""Conference""Complete""03/29/2025""04/29/2025""90980""30000""85990""0""2"(file:///C:/Users/admin/git/Cucumber/Aditya_c/FeatureFiles/CampaignsModule.feature:24)
]]>
    </failure>
  </testcase> <!-- runScenario -->
  <system-out/>
</testsuite> <!-- runner.RunnerClass -->
